96 ./kernel/kernel.cpp
47 ./kernel/Init/grub.cpp
129 ./kernel/Time/time.cpp
0 ./kernel/writer/hextmp.cpp
286 ./kernel/writer/writer.cpp
12 ./kernel/Tests/tests.cpp
8 ./kernel/cmds/boot/boot_cmd.cpp
9 ./kernel/Maths/Basics.cpp
47 ./kernel/IO/IO.cpp
60 ./kernel/Memory/mem_funcs.cpp
14 ./kernel/instructions.cpp
48 ./kernel/extras/random.cpp
16 ./kernel/extras/encoder.cpp
21 ./kernel/Drivers/fs/fat/fat12.cpp
6 ./kernel/Drivers/fs/iso/iso.cpp
4 ./kernel/Drivers/PS2/keyboard/KeyboardLookupTableS1.cpp
84 ./kernel/Drivers/PS2/keyboard/Keyboard.cpp
206 ./kernel/Drivers/Setup/IDT.cpp
18 ./kernel/Drivers/Devices/pci.cpp
8 ./kernel/Drivers/USB/Keyboard/keyboard.cpp
0 ./kernel/Drivers/serial.cpp
7 ./kernel/instructions.hpp
7 ./kernel/Init/grub.hpp
20 ./kernel/Time/time.hpp
24 ./kernel/writer/writer_impl.hpp
71 ./kernel/writer/writer.hpp
0 ./kernel/writer/writer_extended.hpp
33 ./kernel/writer/vga_colors.hpp
4 ./kernel/defs.hpp
4 ./kernel/Tests/tests.hpp
5 ./kernel/cmds/boot/boot_cmd.hpp
8 ./kernel/Maths/Basics.hpp
6 ./kernel/IO/IO.hpp
7 ./kernel/Memory/mem_funcs.hpp
8 ./kernel/extras/random.hpp
7 ./kernel/extras/encoder.hpp
25 ./kernel/Drivers/fs/fs.hpp
29 ./kernel/Drivers/fs/fat/fat12.hpp
7 ./kernel/Drivers/fs/iso/iso.hpp
9 ./kernel/Drivers/PS2/keyboard/KeyboardLookupTableS1.hpp
7 ./kernel/Drivers/PS2/keyboard/Keyboard.hpp
5 ./kernel/Drivers/Setup/IDT.hpp
6 ./kernel/Drivers/Devices/pci.hpp
5 ./kernel/Drivers/USB/Keyboard/keyboard.hpp
0 ./kernel/Drivers/serial.hpp
93 ./kernel/sources.hpp
9 ./boot/multiboot_header.asm
29 ./boot/long_mode.asm
120 ./boot/boot.asm
10 ./kernel/low_level/binaries.asm
18 ./kernel/kernel.asm
30 ./kernel/extras/random.asm
102 ./kernel/Drivers/Setup/IDT.asm
52 ./boot/real_mode.s
152 ./boot/realmode.s
total: 2038
